<?xml version="1.0" encoding="UTF-8"?>
<!-- Generated by org.testng.reporters.JUnitReportReporter -->
<testsuite hostname="TYNP-54" failures="0" tests="2" name="Day_030_Page_Factory.TC01_Add_Skills" time="1.675" errors="1" timestamp="26 Oct 2021 09:39:21 GMT" skipped="1">
  <testcase classname="Day_030_Page_Factory.TC01_Add_Skills" name="Book_OneWay_Flight" time="0.000">
    <skipped/>
  </testcase> <!-- Book_OneWay_Flight -->
  <testcase classname="Day_030_Page_Factory.TC01_Add_Skills" name="TestSetup" time="1.675">
    <error message="session not created: This version of ChromeDriver only supports Chrome version 93
Current browser version is 95.0.4638.54 with binary path C:\Program Files\Google\Chrome\Application\chrome.exe
Build info: version: &#039;3.141.59&#039;, revision: &#039;e82be7d358&#039;, time: &#039;2018-11-14T08:17:03&#039;
System info: host: &#039;TYNP-54&#039;, ip: &#039;192.168.29.187&#039;, os.name: &#039;Windows 10&#039;, os.arch: &#039;amd64&#039;, os.version: &#039;10.0&#039;, java.version: &#039;12.0.1&#039;
Driver info: driver.version: ChromeDriver
remote stacktrace: Backtrace:
	Ordinal0 [0x0049D403+2479107]
	Ordinal0 [0x00437D51+2063697]
	Ordinal0 [0x003420C8+1056968]
	Ordinal0 [0x0036043A+1180730]
	Ordinal0 [0x0035C355+1164117]
	Ordinal0 [0x00359B7F+1153919]
	Ordinal0 [0x00389CBF+1350847]
	Ordinal0 [0x0038992A+1349930]
	Ordinal0 [0x0038583B+1333307]
	Ordinal0 [0x00361F94+1187732]
	Ordinal0 [0x00362DE9+1191401]
	GetHandleVerifier [0x0061F3F6+1531734]
	GetHandleVerifier [0x006CE9AE+2249998]
	GetHandleVerifier [0x005239AB+501003]
	GetHandleVerifier [0x00522A29+497033]
	Ordinal0 [0x0043D11D+2085149]
	Ordinal0 [0x004411C8+2101704]
	Ordinal0 [0x00441302+2102018]
	Ordinal0 [0x0044AA71+2140785]
	BaseThreadInitThunk [0x778FFA29+25]
	RtlGetAppContainerNamedObjectPath [0x77B27A9E+286]
	RtlGetAppContainerNamedObjectPath [0x77B27A6E+238]
" type="org.openqa.selenium.SessionNotCreatedException">
      <![CDATA[org.openqa.selenium.SessionNotCreatedException: session not created: This version of ChromeDriver only supports Chrome version 93
Current browser version is 95.0.4638.54 with binary path C:\Program Files\Google\Chrome\Application\chrome.exe
Build info: version: '3.141.59', revision: 'e82be7d358', time: '2018-11-14T08:17:03'
System info: host: 'TYNP-54', ip: '192.168.29.187', os.name: 'Windows 10', os.arch: 'amd64', os.version: '10.0', java.version: '12.0.1'
Driver info: driver.version: ChromeDriver
remote stacktrace: Backtrace:
Ordinal0 [0x0049D403+2479107]
Ordinal0 [0x00437D51+2063697]
Ordinal0 [0x003420C8+1056968]
Ordinal0 [0x0036043A+1180730]
Ordinal0 [0x0035C355+1164117]
Ordinal0 [0x00359B7F+1153919]
Ordinal0 [0x00389CBF+1350847]
Ordinal0 [0x0038992A+1349930]
Ordinal0 [0x0038583B+1333307]
Ordinal0 [0x00361F94+1187732]
Ordinal0 [0x00362DE9+1191401]
GetHandleVerifier [0x0061F3F6+1531734]
GetHandleVerifier [0x006CE9AE+2249998]
GetHandleVerifier [0x005239AB+501003]
GetHandleVerifier [0x00522A29+497033]
Ordinal0 [0x0043D11D+2085149]
Ordinal0 [0x004411C8+2101704]
Ordinal0 [0x00441302+2102018]
Ordinal0 [0x0044AA71+2140785]
BaseThreadInitThunk [0x778FFA29+25]
RtlGetAppContainerNamedObjectPath [0x77B27A9E+286]
RtlGetAppContainerNamedObjectPath [0x77B27A6E+238]

at java.base/jdk.internal.reflect.NativeConstructorAccessorImpl.newInstance0(Native Method)
at java.base/jdk.internal.reflect.NativeConstructorAccessorImpl.newInstance(NativeConstructorAccessorImpl.java:62)
at java.base/jdk.internal.reflect.DelegatingConstructorAccessorImpl.newInstance(DelegatingConstructorAccessorImpl.java:45)
at java.base/java.lang.reflect.Constructor.newInstanceWithCaller(Constructor.java:500)
at java.base/java.lang.reflect.Constructor.newInstance(Constructor.java:481)
at org.openqa.selenium.remote.W3CHandshakeResponse.lambda$errorHandler$0(W3CHandshakeResponse.java:62)
at org.openqa.selenium.remote.HandshakeResponse.lambda$getResponseFunction$0(HandshakeResponse.java:30)
at org.openqa.selenium.remote.ProtocolHandshake.lambda$createSession$0(ProtocolHandshake.java:126)
at java.base/java.util.stream.ReferencePipeline$3$1.accept(ReferencePipeline.java:195)
at java.base/java.util.Spliterators$ArraySpliterator.tryAdvance(Spliterators.java:958)
at java.base/java.util.stream.ReferencePipeline.forEachWithCancel(ReferencePipeline.java:127)
at java.base/java.util.stream.AbstractPipeline.copyIntoWithCancel(AbstractPipeline.java:502)
at java.base/java.util.stream.AbstractPipeline.copyInto(AbstractPipeline.java:488)
at java.base/java.util.stream.AbstractPipeline.wrapAndCopyInto(AbstractPipeline.java:474)
at java.base/java.util.stream.FindOps$FindOp.evaluateSequential(FindOps.java:150)
at java.base/java.util.stream.AbstractPipeline.evaluate(AbstractPipeline.java:234)
at java.base/java.util.stream.ReferencePipeline.findFirst(ReferencePipeline.java:543)
at org.openqa.selenium.remote.ProtocolHandshake.createSession(ProtocolHandshake.java:128)
at org.openqa.selenium.remote.ProtocolHandshake.createSession(ProtocolHandshake.java:74)
at org.openqa.selenium.remote.HttpCommandExecutor.execute(HttpCommandExecutor.java:136)
at org.openqa.selenium.remote.service.DriverCommandExecutor.execute(DriverCommandExecutor.java:83)
at org.openqa.selenium.remote.RemoteWebDriver.execute(RemoteWebDriver.java:552)
at org.openqa.selenium.remote.RemoteWebDriver.startSession(RemoteWebDriver.java:213)
at org.openqa.selenium.remote.RemoteWebDriver.<init>(RemoteWebDriver.java:131)
at org.openqa.selenium.chrome.ChromeDriver.<init>(ChromeDriver.java:181)
at org.openqa.selenium.chrome.ChromeDriver.<init>(ChromeDriver.java:168)
at org.openqa.selenium.chrome.ChromeDriver.<init>(ChromeDriver.java:123)
at CommonUtil.TestBrowser.OpenChromeBrowser(TestBrowser.java:65)
at Day_030_Page_Factory.TC01_Add_Skills.TestSetup(TC01_Add_Skills.java:21)
at java.base/jdk.internal.reflect.NativeMethodAccessorImpl.invoke0(Native Method)
at java.base/jdk.internal.reflect.NativeMethodAccessorImpl.invoke(NativeMethodAccessorImpl.java:62)
at java.base/jdk.internal.reflect.DelegatingMethodAccessorImpl.invoke(DelegatingMethodAccessorImpl.java:43)
at java.base/java.lang.reflect.Method.invoke(Method.java:567)
at org.testng.internal.MethodInvocationHelper.invokeMethod(MethodInvocationHelper.java:124)
at org.testng.internal.MethodInvocationHelper.invokeMethodConsideringTimeout(MethodInvocationHelper.java:59)
at org.testng.internal.Invoker.invokeConfigurationMethod(Invoker.java:455)
at org.testng.internal.Invoker.invokeConfigurations(Invoker.java:222)
at org.testng.internal.Invoker.invokeConfigurations(Invoker.java:142)
at org.testng.TestRunner.beforeRun(TestRunner.java:529)
at org.testng.TestRunner.run(TestRunner.java:497)
at org.testng.SuiteRunner.runTest(SuiteRunner.java:455)
at org.testng.SuiteRunner.runSequentially(SuiteRunner.java:450)
at org.testng.SuiteRunner.privateRun(SuiteRunner.java:415)
at org.testng.SuiteRunner.run(SuiteRunner.java:364)
at org.testng.SuiteRunnerWorker.runSuite(SuiteRunnerWorker.java:52)
at org.testng.SuiteRunnerWorker.run(SuiteRunnerWorker.java:84)
at org.testng.TestNG.runSuitesSequentially(TestNG.java:1208)
at org.testng.TestNG.runSuitesLocally(TestNG.java:1137)
at org.testng.TestNG.runSuites(TestNG.java:1049)
at org.testng.TestNG.run(TestNG.java:1017)
at org.testng.remote.AbstractRemoteTestNG.run(AbstractRemoteTestNG.java:115)
at org.testng.remote.RemoteTestNG.initAndRun(RemoteTestNG.java:251)
at org.testng.remote.RemoteTestNG.main(RemoteTestNG.java:77)
]]>
    </error>
  </testcase> <!-- TestSetup -->
</testsuite> <!-- Day_030_Page_Factory.TC01_Add_Skills -->
